<?xml version="1.0" encoding="UTF-8"?>
<testsuite xmlns:xsi="http://www.w3.org/2001/XMLSchema-instance" xsi:noNamespaceSchemaLocation="https://maven.apache.org/surefire/maven-surefire-plugin/xsd/surefire-test-report.xsd" name="TestSuite" time="276.821" tests="13" errors="0" skipped="0" failures="0">
  <properties>
    <property name="java.specification.version" value="14"/>
    <property name="sun.jnu.encoding" value="UTF-8"/>
    <property name="java.class.path" value="/Users/jayas/Desktop/Selenium_WorkSpace/FreeCRMTest/target/test-classes:/Users/jayas/Desktop/Selenium_WorkSpace/FreeCRMTest/target/classes:/Users/jayas/.m2/repository/org/seleniumhq/selenium/selenium-java/3.14.0/selenium-java-3.14.0.jar:/Users/jayas/.m2/repository/org/seleniumhq/selenium/selenium-api/3.14.0/selenium-api-3.14.0.jar:/Users/jayas/.m2/repository/org/seleniumhq/selenium/selenium-chrome-driver/3.14.0/selenium-chrome-driver-3.14.0.jar:/Users/jayas/.m2/repository/org/seleniumhq/selenium/selenium-edge-driver/3.14.0/selenium-edge-driver-3.14.0.jar:/Users/jayas/.m2/repository/org/seleniumhq/selenium/selenium-firefox-driver/3.14.0/selenium-firefox-driver-3.14.0.jar:/Users/jayas/.m2/repository/org/seleniumhq/selenium/selenium-ie-driver/3.14.0/selenium-ie-driver-3.14.0.jar:/Users/jayas/.m2/repository/org/seleniumhq/selenium/selenium-opera-driver/3.14.0/selenium-opera-driver-3.14.0.jar:/Users/jayas/.m2/repository/org/seleniumhq/selenium/selenium-remote-driver/3.14.0/selenium-remote-driver-3.14.0.jar:/Users/jayas/.m2/repository/org/seleniumhq/selenium/selenium-safari-driver/3.14.0/selenium-safari-driver-3.14.0.jar:/Users/jayas/.m2/repository/org/seleniumhq/selenium/selenium-support/3.14.0/selenium-support-3.14.0.jar:/Users/jayas/.m2/repository/net/bytebuddy/byte-buddy/1.8.15/byte-buddy-1.8.15.jar:/Users/jayas/.m2/repository/org/apache/commons/commons-exec/1.3/commons-exec-1.3.jar:/Users/jayas/.m2/repository/commons-codec/commons-codec/1.10/commons-codec-1.10.jar:/Users/jayas/.m2/repository/commons-logging/commons-logging/1.2/commons-logging-1.2.jar:/Users/jayas/.m2/repository/com/google/guava/guava/25.0-jre/guava-25.0-jre.jar:/Users/jayas/.m2/repository/com/google/code/findbugs/jsr305/1.3.9/jsr305-1.3.9.jar:/Users/jayas/.m2/repository/org/checkerframework/checker-compat-qual/2.0.0/checker-compat-qual-2.0.0.jar:/Users/jayas/.m2/repository/com/google/errorprone/error_prone_annotations/2.1.3/error_prone_annotations-2.1.3.jar:/Users/jayas/.m2/repository/com/google/j2objc/j2objc-annotations/1.1/j2objc-annotations-1.1.jar:/Users/jayas/.m2/repository/org/codehaus/mojo/animal-sniffer-annotations/1.14/animal-sniffer-annotations-1.14.jar:/Users/jayas/.m2/repository/org/apache/httpcomponents/httpclient/4.5.5/httpclient-4.5.5.jar:/Users/jayas/.m2/repository/org/apache/httpcomponents/httpcore/4.4.9/httpcore-4.4.9.jar:/Users/jayas/.m2/repository/com/squareup/okhttp3/okhttp/3.10.0/okhttp-3.10.0.jar:/Users/jayas/.m2/repository/com/squareup/okio/okio/1.14.1/okio-1.14.1.jar:/Users/jayas/.m2/repository/org/testng/testng/7.4.0/testng-7.4.0.jar:/Users/jayas/.m2/repository/com/beust/jcommander/1.78/jcommander-1.78.jar:/Users/jayas/.m2/repository/org/webjars/jquery/3.5.1/jquery-3.5.1.jar:/Users/jayas/.m2/repository/org/apache/poi/poi/3.9/poi-3.9.jar:/Users/jayas/.m2/repository/org/apache/poi/poi-ooxml/3.9/poi-ooxml-3.9.jar:/Users/jayas/.m2/repository/dom4j/dom4j/1.6.1/dom4j-1.6.1.jar:/Users/jayas/.m2/repository/xml-apis/xml-apis/1.0.b2/xml-apis-1.0.b2.jar:/Users/jayas/.m2/repository/org/apache/poi/poi-ooxml-schemas/3.9/poi-ooxml-schemas-3.9.jar:/Users/jayas/.m2/repository/org/apache/xmlbeans/xmlbeans/2.3.0/xmlbeans-2.3.0.jar:/Users/jayas/.m2/repository/stax/stax-api/1.0.1/stax-api-1.0.1.jar:/Users/jayas/.m2/repository/org/apache/poi/poi-scratchpad/3.9/poi-scratchpad-3.9.jar:/Users/jayas/.m2/repository/org/apache/poi/ooxml-schemas/1.1/ooxml-schemas-1.1.jar:/Users/jayas/.m2/repository/org/apache/poi/openxml4j/1.0-beta/openxml4j-1.0-beta.jar:/Users/jayas/.m2/repository/log4j/log4j/1.2.8/log4j-1.2.8.jar:/Users/jayas/.m2/repository/com/relevantcodes/extentreports/2.41.2/extentreports-2.41.2.jar:/Users/jayas/.m2/repository/org/jsoup/jsoup/1.8.3/jsoup-1.8.3.jar:/Users/jayas/.m2/repository/org/xerial/sqlite-jdbc/3.8.11.1/sqlite-jdbc-3.8.11.1.jar:/Users/jayas/.m2/repository/org/freemarker/freemarker/2.3.23/freemarker-2.3.23.jar:/Users/jayas/.m2/repository/org/mongodb/mongodb-driver/3.0.4/mongodb-driver-3.0.4.jar:/Users/jayas/.m2/repository/org/mongodb/bson/3.0.4/bson-3.0.4.jar:/Users/jayas/.m2/repository/org/mongodb/mongodb-driver-core/3.0.4/mongodb-driver-core-3.0.4.jar:/Users/jayas/.m2/repository/commons-io/commons-io/2.6/commons-io-2.6.jar:"/>
    <property name="java.vm.vendor" value="Oracle Corporation"/>
    <property name="sun.arch.data.model" value="64"/>
    <property name="java.vendor.url" value="https://java.oracle.com/"/>
    <property name="os.name" value="Mac OS X"/>
    <property name="java.vm.specification.version" value="14"/>
    <property name="sun.java.launcher" value="SUN_STANDARD"/>
    <property name="user.country" value="CA"/>
    <property name="sun.boot.library.path" value="/Library/Java/JavaVirtualMachines/jdk-14.0.2.jdk/Contents/Home/lib"/>
    <property name="sun.java.command" value="/Users/jayas/Desktop/Selenium_WorkSpace/FreeCRMTest/target/surefire/surefirebooter18371059876063057173.jar /Users/jayas/Desktop/Selenium_WorkSpace/FreeCRMTest/target/surefire 2023-01-16T11-24-41_856-jvmRun1 surefire14722478983783255357tmp surefire_07954830474046376955tmp"/>
    <property name="http.nonProxyHosts" value="local|*.local|169.254/16|*.169.254/16"/>
    <property name="jdk.debug" value="release"/>
    <property name="surefire.test.class.path" value="/Users/jayas/Desktop/Selenium_WorkSpace/FreeCRMTest/target/test-classes:/Users/jayas/Desktop/Selenium_WorkSpace/FreeCRMTest/target/classes:/Users/jayas/.m2/repository/org/seleniumhq/selenium/selenium-java/3.14.0/selenium-java-3.14.0.jar:/Users/jayas/.m2/repository/org/seleniumhq/selenium/selenium-api/3.14.0/selenium-api-3.14.0.jar:/Users/jayas/.m2/repository/org/seleniumhq/selenium/selenium-chrome-driver/3.14.0/selenium-chrome-driver-3.14.0.jar:/Users/jayas/.m2/repository/org/seleniumhq/selenium/selenium-edge-driver/3.14.0/selenium-edge-driver-3.14.0.jar:/Users/jayas/.m2/repository/org/seleniumhq/selenium/selenium-firefox-driver/3.14.0/selenium-firefox-driver-3.14.0.jar:/Users/jayas/.m2/repository/org/seleniumhq/selenium/selenium-ie-driver/3.14.0/selenium-ie-driver-3.14.0.jar:/Users/jayas/.m2/repository/org/seleniumhq/selenium/selenium-opera-driver/3.14.0/selenium-opera-driver-3.14.0.jar:/Users/jayas/.m2/repository/org/seleniumhq/selenium/selenium-remote-driver/3.14.0/selenium-remote-driver-3.14.0.jar:/Users/jayas/.m2/repository/org/seleniumhq/selenium/selenium-safari-driver/3.14.0/selenium-safari-driver-3.14.0.jar:/Users/jayas/.m2/repository/org/seleniumhq/selenium/selenium-support/3.14.0/selenium-support-3.14.0.jar:/Users/jayas/.m2/repository/net/bytebuddy/byte-buddy/1.8.15/byte-buddy-1.8.15.jar:/Users/jayas/.m2/repository/org/apache/commons/commons-exec/1.3/commons-exec-1.3.jar:/Users/jayas/.m2/repository/commons-codec/commons-codec/1.10/commons-codec-1.10.jar:/Users/jayas/.m2/repository/commons-logging/commons-logging/1.2/commons-logging-1.2.jar:/Users/jayas/.m2/repository/com/google/guava/guava/25.0-jre/guava-25.0-jre.jar:/Users/jayas/.m2/repository/com/google/code/findbugs/jsr305/1.3.9/jsr305-1.3.9.jar:/Users/jayas/.m2/repository/org/checkerframework/checker-compat-qual/2.0.0/checker-compat-qual-2.0.0.jar:/Users/jayas/.m2/repository/com/google/errorprone/error_prone_annotations/2.1.3/error_prone_annotations-2.1.3.jar:/Users/jayas/.m2/repository/com/google/j2objc/j2objc-annotations/1.1/j2objc-annotations-1.1.jar:/Users/jayas/.m2/repository/org/codehaus/mojo/animal-sniffer-annotations/1.14/animal-sniffer-annotations-1.14.jar:/Users/jayas/.m2/repository/org/apache/httpcomponents/httpclient/4.5.5/httpclient-4.5.5.jar:/Users/jayas/.m2/repository/org/apache/httpcomponents/httpcore/4.4.9/httpcore-4.4.9.jar:/Users/jayas/.m2/repository/com/squareup/okhttp3/okhttp/3.10.0/okhttp-3.10.0.jar:/Users/jayas/.m2/repository/com/squareup/okio/okio/1.14.1/okio-1.14.1.jar:/Users/jayas/.m2/repository/org/testng/testng/7.4.0/testng-7.4.0.jar:/Users/jayas/.m2/repository/com/beust/jcommander/1.78/jcommander-1.78.jar:/Users/jayas/.m2/repository/org/webjars/jquery/3.5.1/jquery-3.5.1.jar:/Users/jayas/.m2/repository/org/apache/poi/poi/3.9/poi-3.9.jar:/Users/jayas/.m2/repository/org/apache/poi/poi-ooxml/3.9/poi-ooxml-3.9.jar:/Users/jayas/.m2/repository/dom4j/dom4j/1.6.1/dom4j-1.6.1.jar:/Users/jayas/.m2/repository/xml-apis/xml-apis/1.0.b2/xml-apis-1.0.b2.jar:/Users/jayas/.m2/repository/org/apache/poi/poi-ooxml-schemas/3.9/poi-ooxml-schemas-3.9.jar:/Users/jayas/.m2/repository/org/apache/xmlbeans/xmlbeans/2.3.0/xmlbeans-2.3.0.jar:/Users/jayas/.m2/repository/stax/stax-api/1.0.1/stax-api-1.0.1.jar:/Users/jayas/.m2/repository/org/apache/poi/poi-scratchpad/3.9/poi-scratchpad-3.9.jar:/Users/jayas/.m2/repository/org/apache/poi/ooxml-schemas/1.1/ooxml-schemas-1.1.jar:/Users/jayas/.m2/repository/org/apache/poi/openxml4j/1.0-beta/openxml4j-1.0-beta.jar:/Users/jayas/.m2/repository/log4j/log4j/1.2.8/log4j-1.2.8.jar:/Users/jayas/.m2/repository/com/relevantcodes/extentreports/2.41.2/extentreports-2.41.2.jar:/Users/jayas/.m2/repository/org/jsoup/jsoup/1.8.3/jsoup-1.8.3.jar:/Users/jayas/.m2/repository/org/xerial/sqlite-jdbc/3.8.11.1/sqlite-jdbc-3.8.11.1.jar:/Users/jayas/.m2/repository/org/freemarker/freemarker/2.3.23/freemarker-2.3.23.jar:/Users/jayas/.m2/repository/org/mongodb/mongodb-driver/3.0.4/mongodb-driver-3.0.4.jar:/Users/jayas/.m2/repository/org/mongodb/bson/3.0.4/bson-3.0.4.jar:/Users/jayas/.m2/repository/org/mongodb/mongodb-driver-core/3.0.4/mongodb-driver-core-3.0.4.jar:/Users/jayas/.m2/repository/commons-io/commons-io/2.6/commons-io-2.6.jar:"/>
    <property name="sun.cpu.endian" value="little"/>
    <property name="user.home" value="/Users/jayas"/>
    <property name="user.language" value="en"/>
    <property name="java.specification.vendor" value="Oracle Corporation"/>
    <property name="java.version.date" value="2020-07-14"/>
    <property name="java.home" value="/Library/Java/JavaVirtualMachines/jdk-14.0.2.jdk/Contents/Home"/>
    <property name="file.separator" value="/"/>
    <property name="basedir" value="/Users/jayas/Desktop/Selenium_WorkSpace/FreeCRMTest"/>
    <property name="java.vm.compressedOopsMode" value="Zero based"/>
    <property name="line.separator" value="&#10;"/>
    <property name="java.specification.name" value="Java Platform API Specification"/>
    <property name="java.vm.specification.vendor" value="Oracle Corporation"/>
    <property name="surefire.real.class.path" value="/Users/jayas/Desktop/Selenium_WorkSpace/FreeCRMTest/target/surefire/surefirebooter18371059876063057173.jar"/>
    <property name="sun.management.compiler" value="HotSpot 64-Bit Tiered Compilers"/>
    <property name="ftp.nonProxyHosts" value="local|*.local|169.254/16|*.169.254/16"/>
    <property name="java.runtime.version" value="14.0.2+12-46"/>
    <property name="user.name" value="jayas"/>
    <property name="path.separator" value=":"/>
    <property name="os.version" value="10.16"/>
    <property name="java.runtime.name" value="Java(TM) SE Runtime Environment"/>
    <property name="file.encoding" value="UTF-8"/>
    <property name="java.vm.name" value="Java HotSpot(TM) 64-Bit Server VM"/>
    <property name="localRepository" value="/Users/jayas/.m2/repository"/>
    <property name="java.vendor.url.bug" value="https://bugreport.java.com/bugreport/"/>
    <property name="java.io.tmpdir" value="/var/folders/1m/2nnks3v52vv69g21tmkcytrh0000gn/T/"/>
    <property name="java.version" value="14.0.2"/>
    <property name="user.dir" value="/Users/jayas/Desktop/Selenium_WorkSpace/FreeCRMTest"/>
    <property name="os.arch" value="x86_64"/>
    <property name="java.vm.specification.name" value="Java Virtual Machine Specification"/>
    <property name="java.library.path" value="/Users/jayas/Library/Java/Extensions:/Library/Java/Extensions:/Network/Library/Java/Extensions:/System/Library/Java/Extensions:/usr/lib/java:."/>
    <property name="java.vm.info" value="mixed mode, sharing"/>
    <property name="java.vendor" value="Oracle Corporation"/>
    <property name="java.vm.version" value="14.0.2+12-46"/>
    <property name="sun.io.unicode.encoding" value="UnicodeBig"/>
    <property name="socksNonProxyHosts" value="local|*.local|169.254/16|*.169.254/16"/>
    <property name="java.class.version" value="58.0"/>
  </properties>
  <testcase name="verifingContactLable" classname="com.crm.qa.tests.ContactsPageTest" time="0.062"/>
  <testcase name="creatNewContact" classname="com.crm.qa.tests.ContactsPageTest" time="7.806"/>
  <testcase name="creatNewContact" classname="com.crm.qa.tests.ContactsPageTest" time="6.964"/>
  <testcase name="creatNewContact" classname="com.crm.qa.tests.ContactsPageTest" time="8.799"/>
  <testcase name="creatNewContact" classname="com.crm.qa.tests.ContactsPageTest" time="7.651"/>
  <testcase name="homePageTitle" classname="com.crm.qa.tests.HomePageTest" time="0.004"/>
  <testcase name="verifingUsername" classname="com.crm.qa.tests.HomePageTest" time="0.046"/>
  <testcase name="clickOnContacts" classname="com.crm.qa.tests.HomePageTest" time="3.74"/>
  <testcase name="clickOnTaskss" classname="com.crm.qa.tests.HomePageTest" time="3.404"/>
  <testcase name="clickOnDeals" classname="com.crm.qa.tests.HomePageTest" time="2.796"/>
  <testcase name="verifingtitle" classname="com.crm.qa.tests.LoginPageTest" time="0.008"/>
  <testcase name="verifingLogo" classname="com.crm.qa.tests.LoginPageTest" time="0.057"/>
  <testcase name="login" classname="com.crm.qa.tests.LoginPageTest" time="23.72"/>
</testsuite>