<?xml version="1.0" encoding="UTF-8"?>
<!-- Generated by org.testng.reporters.JUnitReportReporter -->
<testsuite hostname="Jayass-MacBook-Air.local" failures="0" tests="5" name="com.crm.qa.tests.ContactsPageTest" time="146.341" errors="0" timestamp="2023-01-13T14:17:46 IST" skipped="0">
  <testcase classname="com.crm.qa.tests.ContactsPageTest" name="verifingContactLable" time="21.048"/>
  <system-out/>
  <testcase classname="com.crm.qa.tests.ContactsPageTest" name="creatNewContact" time="29.465"/>
  <system-out/>
  <testcase classname="com.crm.qa.tests.ContactsPageTest" name="creatNewContact" time="39.194"/>
  <system-out/>
  <testcase classname="com.crm.qa.tests.ContactsPageTest" name="creatNewContact" time="29.660"/>
  <system-out/>
  <testcase classname="com.crm.qa.tests.ContactsPageTest" name="creatNewContact" time="26.974"/>
  <system-out/>
</testsuite> <!-- com.crm.qa.tests.ContactsPageTest -->
