<?xml version="1.0" encoding="UTF-8"?>
<!-- Generated by org.testng.reporters.JUnitReportReporter -->
<testsuite hostname="Jayass-MacBook-Air.local" failures="0" tests="3" name="com.crm.qa.tests.LoginPageTest" time="33.731" errors="0" timestamp="2023-01-13T14:17:46 IST" skipped="0">
  <testcase classname="com.crm.qa.tests.LoginPageTest" name="verifingtitle" time="7.833"/>
  <system-out/>
  <testcase classname="com.crm.qa.tests.LoginPageTest" name="verifingLogo" time="7.826"/>
  <system-out/>
  <testcase classname="com.crm.qa.tests.LoginPageTest" name="login" time="18.072"/>
  <system-out/>
</testsuite> <!-- com.crm.qa.tests.LoginPageTest -->
