<?xml version="1.0" encoding="UTF-8"?>
<!-- Generated by org.testng.reporters.JUnitReportReporter -->
<testsuite hostname="Jayass-MacBook-Air.local" failures="0" tests="5" name="com.crm.qa.tests.HomePageTest" time="95.214" errors="0" timestamp="2023-01-16T17:54:48 IST" skipped="0">
  <testcase classname="com.crm.qa.tests.HomePageTest" name="homePageTitle" time="17.354"/>
  <system-out/>
  <testcase classname="com.crm.qa.tests.HomePageTest" name="verifingUsername" time="16.575"/>
  <system-out/>
  <testcase classname="com.crm.qa.tests.HomePageTest" name="clickOnContacts" time="19.569"/>
  <system-out/>
  <testcase classname="com.crm.qa.tests.HomePageTest" name="clickOnTaskss" time="19.938"/>
  <system-out/>
  <testcase classname="com.crm.qa.tests.HomePageTest" name="clickOnDeals" time="21.778"/>
  <system-out/>
</testsuite> <!-- com.crm.qa.tests.HomePageTest -->
