<?xml version="1.0" encoding="UTF-8"?>
<!-- Generated by org.testng.reporters.JUnitReportReporter -->
<testsuite hostname="Jayass-MacBook-Air.local" failures="0" tests="3" name="com.crm.qa.tests.LoginPageTest" time="36.949" errors="0" timestamp="2023-01-16T18:07:21 IST" skipped="0">
  <testcase classname="com.crm.qa.tests.LoginPageTest" name="verifingtitle" time="8.465"/>
  <system-out/>
  <testcase classname="com.crm.qa.tests.LoginPageTest" name="verifingLogo" time="7.930"/>
  <system-out/>
  <testcase classname="com.crm.qa.tests.LoginPageTest" name="login" time="20.554"/>
  <system-out/>
</testsuite> <!-- com.crm.qa.tests.LoginPageTest -->
