<?xml version="1.0" encoding="UTF-8"?>
<!-- Generated by org.testng.reporters.JUnitReportReporter -->
<testsuite hostname="Jayass-MacBook-Air.local" failures="0" tests="5" name="com.crm.qa.tests.ContactsPageTest" time="140.380" errors="0" timestamp="2023-01-16T17:50:02 IST" skipped="0">
  <testcase classname="com.crm.qa.tests.ContactsPageTest" name="verifingContactLable" time="20.884"/>
  <system-out/>
  <testcase classname="com.crm.qa.tests.ContactsPageTest" name="creatNewContact" time="32.463"/>
  <system-out/>
  <testcase classname="com.crm.qa.tests.ContactsPageTest" name="creatNewContact" time="29.728"/>
  <system-out/>
  <testcase classname="com.crm.qa.tests.ContactsPageTest" name="creatNewContact" time="27.536"/>
  <system-out/>
  <testcase classname="com.crm.qa.tests.ContactsPageTest" name="creatNewContact" time="29.769"/>
  <system-out/>
</testsuite> <!-- com.crm.qa.tests.ContactsPageTest -->
