<?xml version="1.0" encoding="UTF-8"?>
<!-- Generated by org.testng.reporters.JUnitReportReporter -->
<testsuite hostname="Jayass-MacBook-Air.local" failures="0" tests="5" name="com.crm.qa.tests.ContactsPageTest" time="136.156" errors="0" timestamp="2023-01-16T11:29:19 IST" skipped="0">
  <testcase classname="com.crm.qa.tests.ContactsPageTest" name="verifingContactLable" time="24.539"/>
  <system-out/>
  <testcase classname="com.crm.qa.tests.ContactsPageTest" name="creatNewContact" time="26.706"/>
  <system-out/>
  <testcase classname="com.crm.qa.tests.ContactsPageTest" name="creatNewContact" time="27.559"/>
  <system-out/>
  <testcase classname="com.crm.qa.tests.ContactsPageTest" name="creatNewContact" time="27.848"/>
  <system-out/>
  <testcase classname="com.crm.qa.tests.ContactsPageTest" name="creatNewContact" time="29.504"/>
  <system-out/>
</testsuite> <!-- com.crm.qa.tests.ContactsPageTest -->
