<?xml version="1.0" encoding="UTF-8"?>
<!-- Generated by org.testng.reporters.JUnitReportReporter -->
<testsuite hostname="Jayass-MacBook-Air.local" failures="0" tests="3" name="com.crm.qa.tests.LoginPageTest" time="46.140" errors="0" timestamp="2023-01-16T11:29:19 IST" skipped="0">
  <testcase classname="com.crm.qa.tests.LoginPageTest" name="verifingtitle" time="7.307"/>
  <system-out/>
  <testcase classname="com.crm.qa.tests.LoginPageTest" name="verifingLogo" time="7.664"/>
  <system-out/>
  <testcase classname="com.crm.qa.tests.LoginPageTest" name="login" time="31.169"/>
  <system-out/>
</testsuite> <!-- com.crm.qa.tests.LoginPageTest -->
