<?xml version="1.0" encoding="UTF-8"?>
<!-- Generated by org.testng.reporters.JUnitReportReporter -->
<testsuite hostname="Jayass-MacBook-Air.local" failures="0" tests="5" name="com.crm.qa.tests.HomePageTest" time="92.998" errors="0" timestamp="2023-01-16T11:29:19 IST" skipped="0">
  <testcase classname="com.crm.qa.tests.HomePageTest" name="homePageTitle" time="15.846"/>
  <system-out/>
  <testcase classname="com.crm.qa.tests.HomePageTest" name="verifingUsername" time="16.009"/>
  <system-out/>
  <testcase classname="com.crm.qa.tests.HomePageTest" name="clickOnContacts" time="21.226"/>
  <system-out/>
  <testcase classname="com.crm.qa.tests.HomePageTest" name="clickOnTaskss" time="20.403"/>
  <system-out/>
  <testcase classname="com.crm.qa.tests.HomePageTest" name="clickOnDeals" time="19.514"/>
  <system-out/>
</testsuite> <!-- com.crm.qa.tests.HomePageTest -->
